[2023-03-07 13:44:06.979] [jointLog] [info] Fragment incompatibility prior below threshold.  Incompatible fragments will be ignored.
[2023-03-07 13:44:06.979] [jointLog] [info] numQuantThreads = 4
[2023-03-07 13:44:08.488] [jointLog] [info] replaced 698 non-ACGT nucleotides with random nucleotides
[2023-03-07 13:44:08.739] [fileLog] [info] quantification processed 0 fragments so far

[2023-03-07 13:44:09.331] [fileLog] [info] quantification processed 1000000 fragments so far

[2023-03-07 13:44:10.251] [fileLog] [info] quantification processed 2000000 fragments so far

[2023-03-07 13:44:10.593] [jointLog] [info] 

The alignment group queue pool has been exhausted.  20 extra fragments were allocated on the heap to saturate the pool.  No new fragments will be allocated


[2023-03-07 13:44:12.826] [fileLog] [info] quantification processed 3000000 fragments so far

[2023-03-07 13:44:15.908] [fileLog] [info] quantification processed 4000000 fragments so far

[2023-03-07 13:44:19.466] [fileLog] [info] quantification processed 5000000 fragments so far

[2023-03-07 13:44:22.185] [fileLog] [info] quantification processed 6000000 fragments so far

[2023-03-07 13:44:25.353] [fileLog] [info] quantification processed 7000000 fragments so far

[2023-03-07 13:44:26.256] [fileLog] [info] quantification processed 7867905 fragments so far

[2023-03-07 13:44:26.957] [jointLog] [info] 


Completed first pass through the alignment file.
Total # of mapped reads : 7867905
# of uniquely mapped reads : 7867883
# ambiguously mapped reads : 22



[2023-03-07 13:44:26.996] [jointLog] [info] Computed 29,957 rich equivalence classes for further processing
[2023-03-07 13:44:26.996] [jointLog] [info] Counted 7,867,905 total reads in the equivalence classes 
[2023-03-07 13:44:26.998] [jointLog] [info] starting optimizer
[2023-03-07 13:44:27.012] [jointLog] [info] Marked 0 weighted equivalence classes as degenerate
[2023-03-07 13:44:27.015] [jointLog] [info] iteration = 0 | max rel diff. = 3174.72
[2023-03-07 13:44:27.175] [jointLog] [info] iteration = 100 | max rel diff. = 0
[2023-03-07 13:44:27.176] [jointLog] [info] finished optimizer
[2023-03-07 13:44:27.176] [jointLog] [info] writing output
