[2023-03-07 15:06:31.291] [jointLog] [info] Fragment incompatibility prior below threshold.  Incompatible fragments will be ignored.
[2023-03-07 15:06:31.291] [jointLog] [info] numQuantThreads = 4
[2023-03-07 15:06:32.931] [jointLog] [info] replaced 698 non-ACGT nucleotides with random nucleotides
[2023-03-07 15:06:33.177] [fileLog] [info] quantification processed 0 fragments so far

[2023-03-07 15:06:33.518] [fileLog] [info] quantification processed 1000000 fragments so far

[2023-03-07 15:06:34.062] [fileLog] [info] quantification processed 2000000 fragments so far

[2023-03-07 15:06:34.200] [jointLog] [info] 

The alignment group queue pool has been exhausted.  1631 extra fragments were allocated on the heap to saturate the pool.  No new fragments will be allocated


[2023-03-07 15:06:35.107] [fileLog] [info] quantification processed 2686175 fragments so far

[2023-03-07 15:06:39.895] [jointLog] [info] 


Completed first pass through the alignment file.
Total # of mapped reads : 2686175
# of uniquely mapped reads : 2686153
# ambiguously mapped reads : 22



[2023-03-07 15:06:39.921] [jointLog] [info] Computed 32,173 rich equivalence classes for further processing
[2023-03-07 15:06:39.921] [jointLog] [info] Counted 2,686,175 total reads in the equivalence classes 
[2023-03-07 15:06:39.926] [jointLog] [warning] Only 2686175 fragments were mapped, but the number of burn-in fragments was set to 5000000.
The effective lengths have been computed using the observed mappings.

[2023-03-07 15:06:39.927] [jointLog] [info] starting optimizer
[2023-03-07 15:06:39.937] [jointLog] [info] Marked 0 weighted equivalence classes as degenerate
[2023-03-07 15:06:39.939] [jointLog] [info] iteration = 0 | max rel diff. = 155.17
[2023-03-07 15:06:40.080] [jointLog] [info] iteration = 100 | max rel diff. = 2.22045e-16
[2023-03-07 15:06:40.081] [jointLog] [info] finished optimizer
[2023-03-07 15:06:40.081] [jointLog] [info] writing output
